<?xml version="1.0" encoding="UTF-8"?>
<coverage generated="1770426881291" clover="3.2.0">
  <project timestamp="1770426881291" name="All files">
    <metrics statements="9" coveredstatements="9" conditionals="10" coveredconditionals="10" methods="2" coveredmethods="2" elements="21" coveredelements="21" complexity="0" loc="9" ncloc="9" packages="1" files="1" classes="1"/>
    <file name="budgetColors.ts" path="/Users/benjaminmackenzie/Dev/ledger_mobile/src/utils/budgetColors.ts">
      <metrics statements="9" coveredstatements="9" conditionals="10" coveredconditionals="10" methods="2" coveredmethods="2"/>
      <line num="1" count="1" type="stmt"/>
      <line num="19" count="36" type="cond" truecount="2" falsecount="0"/>
      <line num="21" count="16" type="cond" truecount="2" falsecount="0"/>
      <line num="22" count="10" type="cond" truecount="2" falsecount="0"/>
      <line num="23" count="5" type="stmt"/>
      <line num="26" count="20" type="cond" truecount="2" falsecount="0"/>
      <line num="27" count="13" type="cond" truecount="2" falsecount="0"/>
      <line num="28" count="6" type="stmt"/>
      <line num="33" count="5" type="stmt"/>
    </file>
  </project>
</coverage>
