{"/Users/benjaminmackenzie/Dev/ledger_mobile/src/utils/budgetColors.ts": {"path":"/Users/benjaminmackenzie/Dev/ledger_mobile/src/utils/budgetColors.ts","statementMap":{"0":{"start":{"line":1,"column":29},"end":{"line":13,"column":1}},"1":{"start":{"line":19,"column":2},"end":{"line":29,"column":3}},"2":{"start":{"line":21,"column":4},"end":{"line":21,"column":57}},"3":{"start":{"line":21,"column":26},"end":{"line":21,"column":57}},"4":{"start":{"line":22,"column":4},"end":{"line":22,"column":58}},"5":{"start":{"line":22,"column":26},"end":{"line":22,"column":58}},"6":{"start":{"line":23,"column":4},"end":{"line":23,"column":33}},"7":{"start":{"line":26,"column":4},"end":{"line":26,"column":60}},"8":{"start":{"line":26,"column":26},"end":{"line":26,"column":60}},"9":{"start":{"line":27,"column":4},"end":{"line":27,"column":63}},"10":{"start":{"line":27,"column":26},"end":{"line":27,"column":63}},"11":{"start":{"line":28,"column":4},"end":{"line":28,"column":40}},"12":{"start":{"line":33,"column":2},"end":{"line":33,"column":41}}},"fnMap":{"0":{"name":"getBudgetProgressColor","decl":{"start":{"line":15,"column":16},"end":{"line":15,"column":38}},"loc":{"start":{"line":18,"column":33},"end":{"line":30,"column":1}},"line":18},"1":{"name":"getOverflowColor","decl":{"start":{"line":32,"column":16},"end":{"line":32,"column":32}},"loc":{"start":{"line":32,"column":66},"end":{"line":34,"column":1}},"line":32}},"branchMap":{"0":{"loc":{"start":{"line":19,"column":2},"end":{"line":29,"column":3}},"type":"if","locations":[{"start":{"line":19,"column":2},"end":{"line":29,"column":3}},{"start":{"line":24,"column":9},"end":{"line":29,"column":3}}],"line":19},"1":{"loc":{"start":{"line":21,"column":4},"end":{"line":21,"column":57}},"type":"if","locations":[{"start":{"line":21,"column":4},"end":{"line":21,"column":57}},{"start":{},"end":{}}],"line":21},"2":{"loc":{"start":{"line":22,"column":4},"end":{"line":22,"column":58}},"type":"if","locations":[{"start":{"line":22,"column":4},"end":{"line":22,"column":58}},{"start":{},"end":{}}],"line":22},"3":{"loc":{"start":{"line":26,"column":4},"end":{"line":26,"column":60}},"type":"if","locations":[{"start":{"line":26,"column":4},"end":{"line":26,"column":60}},{"start":{},"end":{}}],"line":26},"4":{"loc":{"start":{"line":27,"column":4},"end":{"line":27,"column":63}},"type":"if","locations":[{"start":{"line":27,"column":4},"end":{"line":27,"column":63}},{"start":{},"end":{}}],"line":27}},"s":{"0":1,"1":36,"2":16,"3":6,"4":10,"5":5,"6":5,"7":20,"8":7,"9":13,"10":7,"11":6,"12":5},"f":{"0":36,"1":5},"b":{"0":[16,20],"1":[6,10],"2":[5,5],"3":[7,13],"4":[7,6]},"_coverageSchema":"1a1c01bbd47fc00a2c39e90264f33305004495a9","hash":"69b9bcf5eef8070a251b0e2e2c465cf4f3a112bb"}
}
